ModuleSample/build/intermediates/manifest_merge_blame_file/debug/manifest-merger-blame-debug-report.txt
1<?xml version="1.0" encoding="utf-8"?>
2<manifest xmlns:android="http://schemas.android.com/apk/res/android"
3    package="pub.gll.onepeas.module.sample"
4    android:versionCode="1"
5    android:versionName="1.0" >
6
7    <uses-sdk
8        android:minSdkVersion="24"
8-->src/main/AndroidManifest.xml
9        android:targetSdkVersion="33" />
9-->src/main/AndroidManifest.xml
10
11    <uses-permission android:name="android.permission.INTERNET" />
11-->[:LibUpLoad] AndroidManifest.xml:9:5-67
11-->[:LibUpLoad] AndroidManifest.xml:9:22-64
12    <uses-permission android:name="android.permission.ACCESS_WIFI_STATE" />
12-->[:LibUpLoad] AndroidManifest.xml:10:5-76
12-->[:LibUpLoad] AndroidManifest.xml:10:22-73
13    <uses-permission android:name="android.permission.ACCESS_NETWORK_STATE" />
13-->[:LibUpLoad] AndroidManifest.xml:11:5-79
13-->[:LibUpLoad] AndroidManifest.xml:11:22-76
14    <uses-permission android:name="android.permission.WRITE_EXTERNAL_STORAGE" />
14-->[:LibUpLoad] AndroidManifest.xml:12:5-81
14-->[:LibUpLoad] AndroidManifest.xml:12:22-78
15    <uses-permission android:name="android.permission.READ_EXTERNAL_STORAGE" />
15-->[:LibUpLoad] AndroidManifest.xml:13:5-80
15-->[:LibUpLoad] AndroidManifest.xml:13:22-77
16    <uses-permission android:name="android.permission.WAKE_LOCK" />
16-->[androidx.work:work-runtime:2.7.1] AndroidManifest.xml:25:5-68
16-->[androidx.work:work-runtime:2.7.1] AndroidManifest.xml:25:22-65
17    <uses-permission android:name="android.permission.RECEIVE_BOOT_COMPLETED" />
17-->[androidx.work:work-runtime:2.7.1] AndroidManifest.xml:27:5-81
17-->[androidx.work:work-runtime:2.7.1] AndroidManifest.xml:27:22-78
18    <uses-permission android:name="android.permission.FOREGROUND_SERVICE" />
18-->[androidx.work:work-runtime:2.7.1] AndroidManifest.xml:28:5-77
18-->[androidx.work:work-runtime:2.7.1] AndroidManifest.xml:28:22-74
19
20    <permission
20-->[androidx.core:core:1.9.0] AndroidManifest.xml:22:5-24:47
21        android:name="pub.gll.onepeas.module.sample.DYNAMIC_RECEIVER_NOT_EXPORTED_PERMISSION"
21-->[androidx.core:core:1.9.0] AndroidManifest.xml:23:9-81
22        android:protectionLevel="signature" />
22-->[androidx.core:core:1.9.0] AndroidManifest.xml:24:9-44
23
24    <uses-permission android:name="pub.gll.onepeas.module.sample.DYNAMIC_RECEIVER_NOT_EXPORTED_PERMISSION" />
24-->[androidx.core:core:1.9.0] AndroidManifest.xml:26:5-97
24-->[androidx.core:core:1.9.0] AndroidManifest.xml:26:22-94
25
26    <application
26-->src/main/AndroidManifest.xml:5:5-26:19
27        android:allowBackup="true"
27-->[:LibBase] AndroidManifest.xml:11:9-35
28        android:appComponentFactory="androidx.core.app.CoreComponentFactory"
28-->[androidx.core:core:1.9.0] AndroidManifest.xml:28:18-86
29        android:dataExtractionRules="@xml/data_extraction_rules"
29-->[:LibBase] AndroidManifest.xml:12:9-65
30        android:debuggable="true"
31        android:extractNativeLibs="false"
32        android:fullBackupContent="@xml/backup_rules"
32-->[:LibBase] AndroidManifest.xml:13:9-54
33        android:icon="@mipmap/ic_launcher"
33-->[:LibBase] AndroidManifest.xml:14:9-43
34        android:label="@string/app_name"
34-->[:LibBase] AndroidManifest.xml:15:9-41
35        android:networkSecurityConfig="@xml/network_security_config"
35-->[:LibBase] AndroidManifest.xml:16:9-69
36        android:requestLegacyExternalStorage="true"
36-->[com.lxj:xpopup:2.2.23] AndroidManifest.xml:16:9-52
37        android:roundIcon="@mipmap/ic_launcher_round"
37-->[:LibBase] AndroidManifest.xml:17:9-54
38        android:supportsRtl="true"
38-->[:LibBase] AndroidManifest.xml:18:9-35
39        android:testOnly="true"
40        android:theme="@style/Theme.OnePeasToDo"
40-->[:LibBase] AndroidManifest.xml:19:9-49
41        android:usesCleartextTraffic="true" >
41-->[:LibBase] AndroidManifest.xml:20:9-44
42        <activity
42-->src/main/AndroidManifest.xml:6:9-15:20
43            android:name="pub.gll.onepeas.modulesample.MainActivity"
43-->src/main/AndroidManifest.xml:6:19-75
44            android:exported="true"
44-->src/main/AndroidManifest.xml:9:13-36
45            android:label="@string/app_name"
45-->src/main/AndroidManifest.xml:7:13-45
46            android:theme="@style/Theme.AppCompat.NoActionBar" >
46-->src/main/AndroidManifest.xml:8:13-63
47
48            <!-- <intent-filter> -->
49            <!-- <action android:name="android.intent.action.MAIN" /> -->
50
51
52            <!-- <category android:name="android.intent.category.LAUNCHER" /> -->
53            <!-- </intent-filter> -->
54        </activity>
55        <activity android:name="pub.gll.onepeas.modulesample.state.todo.TodoActivity" />
55-->src/main/AndroidManifest.xml:17:9-88
55-->src/main/AndroidManifest.xml:17:19-86
56        <activity android:name="pub.gll.onepeas.modulesample.effects.EffectsActivity" />
56-->src/main/AndroidManifest.xml:18:9-88
56-->src/main/AndroidManifest.xml:18:19-86
57        <activity android:name="pub.gll.onepeas.modulesample.theming.ThemingActivity" />
57-->src/main/AndroidManifest.xml:19:9-88
57-->src/main/AndroidManifest.xml:19:19-86
58        <activity
58-->src/main/AndroidManifest.xml:20:9-21:65
59            android:name="pub.gll.onepeas.modulesample.state.examples.HelloComposeSateActivity"
59-->src/main/AndroidManifest.xml:20:19-102
60            android:theme="@style/Theme.AppCompat.NoActionBar" />
60-->src/main/AndroidManifest.xml:21:13-63
61        <activity android:name="pub.gll.onepeas.modulesample.state.examples.StateRecoveryListSaverActivity" />
61-->src/main/AndroidManifest.xml:22:9-110
61-->src/main/AndroidManifest.xml:22:19-108
62        <activity android:name="pub.gll.onepeas.modulesample.state.examples.StateRecoveryMapSaverActivity" />
62-->src/main/AndroidManifest.xml:23:9-109
62-->src/main/AndroidManifest.xml:23:19-107
63        <activity android:name="pub.gll.onepeas.modulesample.state.examples.StateRecoveryParcelableActivity" />
63-->src/main/AndroidManifest.xml:24:9-111
63-->src/main/AndroidManifest.xml:24:19-109
64        <activity android:name="pub.gll.onepeas.modulesample.ContentActivity" />
64-->src/main/AndroidManifest.xml:25:9-80
64-->src/main/AndroidManifest.xml:25:19-78
65        <activity
65-->[:LibBase] AndroidManifest.xml:21:9-26:20
66            android:name="pub.gll.onepeas.libbase.webview.WebActivity"
66-->[:LibBase] AndroidManifest.xml:22:13-71
67            android:configChanges="keyboardHidden|orientation|screenSize"
67-->[:LibBase] AndroidManifest.xml:23:13-74
68            android:hardwareAccelerated="true"
68-->[:LibBase] AndroidManifest.xml:24:13-47
69            android:theme="@style/AppTheme" >
69-->[:LibBase] AndroidManifest.xml:25:13-44
70        </activity>
71        <activity
71-->[androidx.compose.ui:ui-tooling:1.2.1] AndroidManifest.xml:24:9-26:39
72            android:name="androidx.compose.ui.tooling.PreviewActivity"
72-->[androidx.compose.ui:ui-tooling:1.2.1] AndroidManifest.xml:25:13-71
73            android:exported="true" />
73-->[androidx.compose.ui:ui-tooling:1.2.1] AndroidManifest.xml:26:13-36
74
75        <uses-library
75-->[androidx.window:window:1.0.0] AndroidManifest.xml:25:9-27:40
76            android:name="androidx.window.extensions"
76-->[androidx.window:window:1.0.0] AndroidManifest.xml:26:13-54
77            android:required="false" />
77-->[androidx.window:window:1.0.0] AndroidManifest.xml:27:13-37
78        <uses-library
78-->[androidx.window:window:1.0.0] AndroidManifest.xml:28:9-30:40
79            android:name="androidx.window.sidecar"
79-->[androidx.window:window:1.0.0] AndroidManifest.xml:29:13-51
80            android:required="false" />
80-->[androidx.window:window:1.0.0] AndroidManifest.xml:30:13-37
81
82        <activity
82-->[androidx.glance:glance-appwidget:1.0.0-alpha03] AndroidManifest.xml:25:9-32:20
83            android:name="androidx.glance.appwidget.action.ActionTrampolineActivity"
83-->[androidx.glance:glance-appwidget:1.0.0-alpha03] AndroidManifest.xml:26:13-85
84            android:enabled="true"
84-->[androidx.glance:glance-appwidget:1.0.0-alpha03] AndroidManifest.xml:27:13-35
85            android:exported="false" >
85-->[androidx.glance:glance-appwidget:1.0.0-alpha03] AndroidManifest.xml:28:13-37
86            <intent-filter>
86-->[androidx.glance:glance-appwidget:1.0.0-alpha03] AndroidManifest.xml:29:13-31:29
87                <data android:scheme="glance-action" />
87-->[androidx.glance:glance-appwidget:1.0.0-alpha03] AndroidManifest.xml:30:17-56
87-->[androidx.glance:glance-appwidget:1.0.0-alpha03] AndroidManifest.xml:30:23-53
88            </intent-filter>
89        </activity>
90        <activity
90-->[androidx.glance:glance-appwidget:1.0.0-alpha03] AndroidManifest.xml:33:9-44:20
91            android:name="androidx.glance.appwidget.action.InvisibleActionTrampolineActivity"
91-->[androidx.glance:glance-appwidget:1.0.0-alpha03] AndroidManifest.xml:34:13-94
92            android:enabled="true"
92-->[androidx.glance:glance-appwidget:1.0.0-alpha03] AndroidManifest.xml:35:13-35
93            android:exported="false"
93-->[androidx.glance:glance-appwidget:1.0.0-alpha03] AndroidManifest.xml:36:13-37
94            android:launchMode="singleInstance"
94-->[androidx.glance:glance-appwidget:1.0.0-alpha03] AndroidManifest.xml:37:13-48
95            android:noHistory="true"
95-->[androidx.glance:glance-appwidget:1.0.0-alpha03] AndroidManifest.xml:38:13-37
96            android:taskAffinity="androidx.glance.appwidget.ListAdapterCallbackTrampoline"
96-->[androidx.glance:glance-appwidget:1.0.0-alpha03] AndroidManifest.xml:39:13-91
97            android:theme="@style/Widget.Glance.AppWidget.CallbackTrampoline" >
97-->[androidx.glance:glance-appwidget:1.0.0-alpha03] AndroidManifest.xml:40:13-78
98            <intent-filter>
98-->[androidx.glance:glance-appwidget:1.0.0-alpha03] AndroidManifest.xml:29:13-31:29
99                <data android:scheme="glance-action" />
99-->[androidx.glance:glance-appwidget:1.0.0-alpha03] AndroidManifest.xml:30:17-56
99-->[androidx.glance:glance-appwidget:1.0.0-alpha03] AndroidManifest.xml:30:23-53
100            </intent-filter>
101        </activity>
102
103        <receiver
103-->[androidx.glance:glance-appwidget:1.0.0-alpha03] AndroidManifest.xml:46:9-53:20
104            android:name="androidx.glance.appwidget.action.ActionCallbackBroadcastReceiver"
104-->[androidx.glance:glance-appwidget:1.0.0-alpha03] AndroidManifest.xml:47:13-92
105            android:enabled="true"
105-->[androidx.glance:glance-appwidget:1.0.0-alpha03] AndroidManifest.xml:48:13-35
106            android:exported="false" >
106-->[androidx.glance:glance-appwidget:1.0.0-alpha03] AndroidManifest.xml:49:13-37
107            <intent-filter>
107-->[androidx.glance:glance-appwidget:1.0.0-alpha03] AndroidManifest.xml:29:13-31:29
108                <data android:scheme="glance-action" />
108-->[androidx.glance:glance-appwidget:1.0.0-alpha03] AndroidManifest.xml:30:17-56
108-->[androidx.glance:glance-appwidget:1.0.0-alpha03] AndroidManifest.xml:30:23-53
109            </intent-filter>
110        </receiver>
111        <receiver
111-->[androidx.glance:glance-appwidget:1.0.0-alpha03] AndroidManifest.xml:54:9-61:20
112            android:name="androidx.glance.appwidget.MyPackageReplacedReceiver"
112-->[androidx.glance:glance-appwidget:1.0.0-alpha03] AndroidManifest.xml:55:13-79
113            android:enabled="true"
113-->[androidx.glance:glance-appwidget:1.0.0-alpha03] AndroidManifest.xml:56:13-35
114            android:exported="false" >
114-->[androidx.glance:glance-appwidget:1.0.0-alpha03] AndroidManifest.xml:57:13-37
115            <intent-filter>
115-->[androidx.glance:glance-appwidget:1.0.0-alpha03] AndroidManifest.xml:58:13-60:29
116                <action android:name="android.intent.action.MY_PACKAGE_REPLACED" />
116-->[androidx.glance:glance-appwidget:1.0.0-alpha03] AndroidManifest.xml:59:17-84
116-->[androidx.glance:glance-appwidget:1.0.0-alpha03] AndroidManifest.xml:59:25-81
117            </intent-filter>
118        </receiver>
119
120        <meta-data
120-->[com.lxj:xpopup:2.2.23] AndroidManifest.xml:18:9-20:36
121            android:name="android.notch_support"
121-->[com.lxj:xpopup:2.2.23] AndroidManifest.xml:19:13-49
122            android:value="true" /> <!-- PermissonActivity -->
122-->[com.lxj:xpopup:2.2.23] AndroidManifest.xml:20:13-33
123        <activity
123-->[com.lxj:xpopup:2.2.23] AndroidManifest.xml:22:9-24:75
124            android:name="com.lxj.xpopup.util.XPermission$PermissionActivity"
124-->[com.lxj:xpopup:2.2.23] AndroidManifest.xml:23:13-78
125            android:theme="@android:style/Theme.Translucent.NoTitleBar" />
125-->[com.lxj:xpopup:2.2.23] AndroidManifest.xml:24:13-72
126        <activity
126-->[androidx.compose.ui:ui-test-manifest:1.2.1] AndroidManifest.xml:24:9-26:39
127            android:name="androidx.activity.ComponentActivity"
127-->[androidx.compose.ui:ui-test-manifest:1.2.1] AndroidManifest.xml:25:13-63
128            android:exported="true" />
128-->[androidx.compose.ui:ui-test-manifest:1.2.1] AndroidManifest.xml:26:13-36
129
130        <provider
130-->[androidx.work:work-runtime:2.7.1] AndroidManifest.xml:31:9-39:20
131            android:name="androidx.startup.InitializationProvider"
131-->[androidx.work:work-runtime:2.7.1] AndroidManifest.xml:32:13-67
132            android:authorities="pub.gll.onepeas.module.sample.androidx-startup"
132-->[androidx.work:work-runtime:2.7.1] AndroidManifest.xml:33:13-68
133            android:exported="false" >
133-->[androidx.work:work-runtime:2.7.1] AndroidManifest.xml:34:13-37
134            <meta-data
134-->[androidx.work:work-runtime:2.7.1] AndroidManifest.xml:36:13-38:52
135                android:name="androidx.work.WorkManagerInitializer"
135-->[androidx.work:work-runtime:2.7.1] AndroidManifest.xml:37:17-68
136                android:value="androidx.startup" />
136-->[androidx.work:work-runtime:2.7.1] AndroidManifest.xml:38:17-49
137            <meta-data
137-->[androidx.emoji2:emoji2:1.2.0] AndroidManifest.xml:29:13-31:52
138                android:name="androidx.emoji2.text.EmojiCompatInitializer"
138-->[androidx.emoji2:emoji2:1.2.0] AndroidManifest.xml:30:17-75
139                android:value="androidx.startup" />
139-->[androidx.emoji2:emoji2:1.2.0] AndroidManifest.xml:31:17-49
140            <meta-data
140-->[androidx.lifecycle:lifecycle-process:2.4.1] AndroidManifest.xml:31:13-33:52
141                android:name="androidx.lifecycle.ProcessLifecycleInitializer"
141-->[androidx.lifecycle:lifecycle-process:2.4.1] AndroidManifest.xml:32:17-78
142                android:value="androidx.startup" />
142-->[androidx.lifecycle:lifecycle-process:2.4.1] AndroidManifest.xml:33:17-49
143            <meta-data
143-->[androidx.profileinstaller:profileinstaller:1.2.0] AndroidManifest.xml:30:13-32:52
144                android:name="androidx.profileinstaller.ProfileInstallerInitializer"
144-->[androidx.profileinstaller:profileinstaller:1.2.0] AndroidManifest.xml:31:17-85
145                android:value="androidx.startup" />
145-->[androidx.profileinstaller:profileinstaller:1.2.0] AndroidManifest.xml:32:17-49
146        </provider>
147
148        <service
148-->[androidx.work:work-runtime:2.7.1] AndroidManifest.xml:41:9-46:35
149            android:name="androidx.work.impl.background.systemalarm.SystemAlarmService"
149-->[androidx.work:work-runtime:2.7.1] AndroidManifest.xml:42:13-88
150            android:directBootAware="false"
150-->[androidx.work:work-runtime:2.7.1] AndroidManifest.xml:43:13-44
151            android:enabled="@bool/enable_system_alarm_service_default"
151-->[androidx.work:work-runtime:2.7.1] AndroidManifest.xml:44:13-72
152            android:exported="false" />
152-->[androidx.work:work-runtime:2.7.1] AndroidManifest.xml:45:13-37
153        <service
153-->[androidx.work:work-runtime:2.7.1] AndroidManifest.xml:47:9-53:35
154            android:name="androidx.work.impl.background.systemjob.SystemJobService"
154-->[androidx.work:work-runtime:2.7.1] AndroidManifest.xml:48:13-84
155            android:directBootAware="false"
155-->[androidx.work:work-runtime:2.7.1] AndroidManifest.xml:49:13-44
156            android:enabled="@bool/enable_system_job_service_default"
156-->[androidx.work:work-runtime:2.7.1] AndroidManifest.xml:50:13-70
157            android:exported="true"
157-->[androidx.work:work-runtime:2.7.1] AndroidManifest.xml:51:13-36
158            android:permission="android.permission.BIND_JOB_SERVICE" />
158-->[androidx.work:work-runtime:2.7.1] AndroidManifest.xml:52:13-69
159        <service
159-->[androidx.work:work-runtime:2.7.1] AndroidManifest.xml:54:9-59:35
160            android:name="androidx.work.impl.foreground.SystemForegroundService"
160-->[androidx.work:work-runtime:2.7.1] AndroidManifest.xml:55:13-81
161            android:directBootAware="false"
161-->[androidx.work:work-runtime:2.7.1] AndroidManifest.xml:56:13-44
162            android:enabled="@bool/enable_system_foreground_service_default"
162-->[androidx.work:work-runtime:2.7.1] AndroidManifest.xml:57:13-77
163            android:exported="false" />
163-->[androidx.work:work-runtime:2.7.1] AndroidManifest.xml:58:13-37
164
165        <receiver
165-->[androidx.work:work-runtime:2.7.1] AndroidManifest.xml:61:9-66:35
166            android:name="androidx.work.impl.utils.ForceStopRunnable$BroadcastReceiver"
166-->[androidx.work:work-runtime:2.7.1] AndroidManifest.xml:62:13-88
167            android:directBootAware="false"
167-->[androidx.work:work-runtime:2.7.1] AndroidManifest.xml:63:13-44
168            android:enabled="true"
168-->[androidx.work:work-runtime:2.7.1] AndroidManifest.xml:64:13-35
169            android:exported="false" />
169-->[androidx.work:work-runtime:2.7.1] AndroidManifest.xml:65:13-37
170        <receiver
170-->[androidx.work:work-runtime:2.7.1] AndroidManifest.xml:67:9-77:20
171            android:name="androidx.work.impl.background.systemalarm.ConstraintProxy$BatteryChargingProxy"
171-->[androidx.work:work-runtime:2.7.1] AndroidManifest.xml:68:13-106
172            android:directBootAware="false"
172-->[androidx.work:work-runtime:2.7.1] AndroidManifest.xml:69:13-44
173            android:enabled="false"
173-->[androidx.work:work-runtime:2.7.1] AndroidManifest.xml:70:13-36
174            android:exported="false" >
174-->[androidx.work:work-runtime:2.7.1] AndroidManifest.xml:71:13-37
175            <intent-filter>
175-->[androidx.work:work-runtime:2.7.1] AndroidManifest.xml:73:13-76:29
176                <action android:name="android.intent.action.ACTION_POWER_CONNECTED" />
176-->[androidx.work:work-runtime:2.7.1] AndroidManifest.xml:74:17-87
176-->[androidx.work:work-runtime:2.7.1] AndroidManifest.xml:74:25-84
177                <action android:name="android.intent.action.ACTION_POWER_DISCONNECTED" />
177-->[androidx.work:work-runtime:2.7.1] AndroidManifest.xml:75:17-90
177-->[androidx.work:work-runtime:2.7.1] AndroidManifest.xml:75:25-87
178            </intent-filter>
179        </receiver>
180        <receiver
180-->[androidx.work:work-runtime:2.7.1] AndroidManifest.xml:78:9-88:20
181            android:name="androidx.work.impl.background.systemalarm.ConstraintProxy$BatteryNotLowProxy"
181-->[androidx.work:work-runtime:2.7.1] AndroidManifest.xml:79:13-104
182            android:directBootAware="false"
182-->[androidx.work:work-runtime:2.7.1] AndroidManifest.xml:80:13-44
183            android:enabled="false"
183-->[androidx.work:work-runtime:2.7.1] AndroidManifest.xml:81:13-36
184            android:exported="false" >
184-->[androidx.work:work-runtime:2.7.1] AndroidManifest.xml:82:13-37
185            <intent-filter>
185-->[androidx.work:work-runtime:2.7.1] AndroidManifest.xml:84:13-87:29
186                <action android:name="android.intent.action.BATTERY_OKAY" />
186-->[androidx.work:work-runtime:2.7.1] AndroidManifest.xml:85:17-77
186-->[androidx.work:work-runtime:2.7.1] AndroidManifest.xml:85:25-74
187                <action android:name="android.intent.action.BATTERY_LOW" />
187-->[androidx.work:work-runtime:2.7.1] AndroidManifest.xml:86:17-76
187-->[androidx.work:work-runtime:2.7.1] AndroidManifest.xml:86:25-73
188            </intent-filter>
189        </receiver>
190        <receiver
190-->[androidx.work:work-runtime:2.7.1] AndroidManifest.xml:89:9-99:20
191            android:name="androidx.work.impl.background.systemalarm.ConstraintProxy$StorageNotLowProxy"
191-->[androidx.work:work-runtime:2.7.1] AndroidManifest.xml:90:13-104
192            android:directBootAware="false"
192-->[androidx.work:work-runtime:2.7.1] AndroidManifest.xml:91:13-44
193            android:enabled="false"
193-->[androidx.work:work-runtime:2.7.1] AndroidManifest.xml:92:13-36
194            android:exported="false" >
194-->[androidx.work:work-runtime:2.7.1] AndroidManifest.xml:93:13-37
195            <intent-filter>
195-->[androidx.work:work-runtime:2.7.1] AndroidManifest.xml:95:13-98:29
196                <action android:name="android.intent.action.DEVICE_STORAGE_LOW" />
196-->[androidx.work:work-runtime:2.7.1] AndroidManifest.xml:96:17-83
196-->[androidx.work:work-runtime:2.7.1] AndroidManifest.xml:96:25-80
197                <action android:name="android.intent.action.DEVICE_STORAGE_OK" />
197-->[androidx.work:work-runtime:2.7.1] AndroidManifest.xml:97:17-82
197-->[androidx.work:work-runtime:2.7.1] AndroidManifest.xml:97:25-79
198            </intent-filter>
199        </receiver>
200        <receiver
200-->[androidx.work:work-runtime:2.7.1] AndroidManifest.xml:100:9-109:20
201            android:name="androidx.work.impl.background.systemalarm.ConstraintProxy$NetworkStateProxy"
201-->[androidx.work:work-runtime:2.7.1] AndroidManifest.xml:101:13-103
202            android:directBootAware="false"
202-->[androidx.work:work-runtime:2.7.1] AndroidManifest.xml:102:13-44
203            android:enabled="false"
203-->[androidx.work:work-runtime:2.7.1] AndroidManifest.xml:103:13-36
204            android:exported="false" >
204-->[androidx.work:work-runtime:2.7.1] AndroidManifest.xml:104:13-37
205            <intent-filter>
205-->[androidx.work:work-runtime:2.7.1] AndroidManifest.xml:106:13-108:29
206                <action android:name="android.net.conn.CONNECTIVITY_CHANGE" />
206-->[androidx.work:work-runtime:2.7.1] AndroidManifest.xml:107:17-79
206-->[androidx.work:work-runtime:2.7.1] AndroidManifest.xml:107:25-76
207            </intent-filter>
208        </receiver>
209        <receiver
209-->[androidx.work:work-runtime:2.7.1] AndroidManifest.xml:110:9-121:20
210            android:name="androidx.work.impl.background.systemalarm.RescheduleReceiver"
210-->[androidx.work:work-runtime:2.7.1] AndroidManifest.xml:111:13-88
211            android:directBootAware="false"
211-->[androidx.work:work-runtime:2.7.1] AndroidManifest.xml:112:13-44
212            android:enabled="false"
212-->[androidx.work:work-runtime:2.7.1] AndroidManifest.xml:113:13-36
213            android:exported="false" >
213-->[androidx.work:work-runtime:2.7.1] AndroidManifest.xml:114:13-37
214            <intent-filter>
214-->[androidx.work:work-runtime:2.7.1] AndroidManifest.xml:116:13-120:29
215                <action android:name="android.intent.action.BOOT_COMPLETED" />
215-->[androidx.work:work-runtime:2.7.1] AndroidManifest.xml:117:17-79
215-->[androidx.work:work-runtime:2.7.1] AndroidManifest.xml:117:25-76
216                <action android:name="android.intent.action.TIME_SET" />
216-->[androidx.work:work-runtime:2.7.1] AndroidManifest.xml:118:17-73
216-->[androidx.work:work-runtime:2.7.1] AndroidManifest.xml:118:25-70
217                <action android:name="android.intent.action.TIMEZONE_CHANGED" />
217-->[androidx.work:work-runtime:2.7.1] AndroidManifest.xml:119:17-81
217-->[androidx.work:work-runtime:2.7.1] AndroidManifest.xml:119:25-78
218            </intent-filter>
219        </receiver>
220        <receiver
220-->[androidx.work:work-runtime:2.7.1] AndroidManifest.xml:122:9-131:20
221            android:name="androidx.work.impl.background.systemalarm.ConstraintProxyUpdateReceiver"
221-->[androidx.work:work-runtime:2.7.1] AndroidManifest.xml:123:13-99
222            android:directBootAware="false"
222-->[androidx.work:work-runtime:2.7.1] AndroidManifest.xml:124:13-44
223            android:enabled="@bool/enable_system_alarm_service_default"
223-->[androidx.work:work-runtime:2.7.1] AndroidManifest.xml:125:13-72
224            android:exported="false" >
224-->[androidx.work:work-runtime:2.7.1] AndroidManifest.xml:126:13-37
225            <intent-filter>
225-->[androidx.work:work-runtime:2.7.1] AndroidManifest.xml:128:13-130:29
226                <action android:name="androidx.work.impl.background.systemalarm.UpdateProxies" />
226-->[androidx.work:work-runtime:2.7.1] AndroidManifest.xml:129:17-98
226-->[androidx.work:work-runtime:2.7.1] AndroidManifest.xml:129:25-95
227            </intent-filter>
228        </receiver>
229        <receiver
229-->[androidx.work:work-runtime:2.7.1] AndroidManifest.xml:132:9-142:20
230            android:name="androidx.work.impl.diagnostics.DiagnosticsReceiver"
230-->[androidx.work:work-runtime:2.7.1] AndroidManifest.xml:133:13-78
231            android:directBootAware="false"
231-->[androidx.work:work-runtime:2.7.1] AndroidManifest.xml:134:13-44
232            android:enabled="true"
232-->[androidx.work:work-runtime:2.7.1] AndroidManifest.xml:135:13-35
233            android:exported="true"
233-->[androidx.work:work-runtime:2.7.1] AndroidManifest.xml:136:13-36
234            android:permission="android.permission.DUMP" >
234-->[androidx.work:work-runtime:2.7.1] AndroidManifest.xml:137:13-57
235            <intent-filter>
235-->[androidx.work:work-runtime:2.7.1] AndroidManifest.xml:139:13-141:29
236                <action android:name="androidx.work.diagnostics.REQUEST_DIAGNOSTICS" />
236-->[androidx.work:work-runtime:2.7.1] AndroidManifest.xml:140:17-88
236-->[androidx.work:work-runtime:2.7.1] AndroidManifest.xml:140:25-85
237            </intent-filter>
238        </receiver>
239        <receiver
239-->[androidx.profileinstaller:profileinstaller:1.2.0] AndroidManifest.xml:35:9-47:20
240            android:name="androidx.profileinstaller.ProfileInstallReceiver"
240-->[androidx.profileinstaller:profileinstaller:1.2.0] AndroidManifest.xml:36:13-76
241            android:directBootAware="false"
241-->[androidx.profileinstaller:profileinstaller:1.2.0] AndroidManifest.xml:37:13-44
242            android:enabled="true"
242-->[androidx.profileinstaller:profileinstaller:1.2.0] AndroidManifest.xml:38:13-35
243            android:exported="true"
243-->[androidx.profileinstaller:profileinstaller:1.2.0] AndroidManifest.xml:39:13-36
244            android:permission="android.permission.DUMP" >
244-->[androidx.profileinstaller:profileinstaller:1.2.0] AndroidManifest.xml:40:13-57
245            <intent-filter>
245-->[androidx.profileinstaller:profileinstaller:1.2.0] AndroidManifest.xml:41:13-43:29
246                <action android:name="androidx.profileinstaller.action.INSTALL_PROFILE" />
246-->[androidx.profileinstaller:profileinstaller:1.2.0] AndroidManifest.xml:42:17-91
246-->[androidx.profileinstaller:profileinstaller:1.2.0] AndroidManifest.xml:42:25-88
247            </intent-filter>
248            <intent-filter>
248-->[androidx.profileinstaller:profileinstaller:1.2.0] AndroidManifest.xml:44:13-46:29
249                <action android:name="androidx.profileinstaller.action.SKIP_FILE" />
249-->[androidx.profileinstaller:profileinstaller:1.2.0] AndroidManifest.xml:45:17-85
249-->[androidx.profileinstaller:profileinstaller:1.2.0] AndroidManifest.xml:45:25-82
250            </intent-filter>
251        </receiver>
252
253        <service
253-->[androidx.core:core-remoteviews:1.0.0-alpha03] AndroidManifest.xml:26:9-29:63
254            android:name="androidx.core.widget.RemoteViewsCompatService"
254-->[androidx.core:core-remoteviews:1.0.0-alpha03] AndroidManifest.xml:27:13-73
255            android:permission="android.permission.BIND_REMOTEVIEWS" />
255-->[androidx.core:core-remoteviews:1.0.0-alpha03] AndroidManifest.xml:28:13-69
256        <service
256-->[androidx.room:room-runtime:2.4.2] AndroidManifest.xml:25:9-28:40
257            android:name="androidx.room.MultiInstanceInvalidationService"
257-->[androidx.room:room-runtime:2.4.2] AndroidManifest.xml:26:13-74
258            android:directBootAware="true"
258-->[androidx.room:room-runtime:2.4.2] AndroidManifest.xml:27:13-43
259            android:exported="false" />
259-->[androidx.room:room-runtime:2.4.2] AndroidManifest.xml:28:13-37
260    </application>
261
262</manifest>